<?xml version="1.0" encoding="UTF-8"?>
<testng-results ignored="0" total="1" passed="1" failed="0" skipped="0">
  <reporter-output>
    <line>
      <![CDATA[Browser value is not matching ]]>
    </line>
    <line>
      <![CDATA[no of rows in TCSheet::4     no of rows in TSSheet::4]]>
    </line>
  </reporter-output>
  <suite started-at="2023-07-24T20:55:35 IST" name="Default suite" finished-at="2023-07-24T20:55:37 IST" duration-ms="1806">
    <groups>
    </groups>
    <test started-at="2023-07-24T20:55:35 IST" name="Default test" finished-at="2023-07-24T20:55:37 IST" duration-ms="1806">
      <class name="driverFactory.Driverscript">
        <test-method is-config="true" signature="setup()[pri:0, instance:driverFactory.Driverscript@305ffe9e]" started-at="2023-07-24T20:55:27 IST" name="setup" finished-at="2023-07-24T20:55:35 IST" duration-ms="8243" status="PASS">
          <reporter-output>
            <line>
              <![CDATA[Browser value is not matching ]]>
            </line>
          </reporter-output>
        </test-method> <!-- setup -->
        <test-method signature="starttest()[pri:0, instance:driverFactory.Driverscript@305ffe9e]" started-at="2023-07-24T20:55:36 IST" name="starttest" finished-at="2023-07-24T20:55:37 IST" duration-ms="1738" status="PASS">
          <reporter-output>
            <line>
              <![CDATA[no of rows in TCSheet::4     no of rows in TSSheet::4]]>
            </line>
          </reporter-output>
        </test-method> <!-- starttest -->
        <test-method is-config="true" signature="teardown()[pri:0, instance:driverFactory.Driverscript@305ffe9e]" started-at="2023-07-24T20:55:37 IST" name="teardown" finished-at="2023-07-24T20:55:38 IST" duration-ms="204" status="PASS">
          <reporter-output>
          </reporter-output>
        </test-method> <!-- teardown -->
      </class> <!-- driverFactory.Driverscript -->
    </test> <!-- Default test -->
  </suite> <!-- Default suite -->
</testng-results>
